Determining if the Q_WS_WIN exist failed with the following output:
Change Dir: /home/samiran/HFO/build/soccerwindow2-prefix/src/soccerwindow2-build/CMakeFiles/CMakeTmp

Run Build Command:"/usr/bin/make" "cmTC_709ea/fast"
make[3]: Entering directory '/home/samiran/HFO/build/soccerwindow2-prefix/src/soccerwindow2-build/CMakeFiles/CMakeTmp'
/usr/bin/make -f CMakeFiles/cmTC_709ea.dir/build.make CMakeFiles/cmTC_709ea.dir/build
make[4]: Entering directory '/home/samiran/HFO/build/soccerwindow2-prefix/src/soccerwindow2-build/CMakeFiles/CMakeTmp'
Building CXX object CMakeFiles/cmTC_709ea.dir/CheckSymbolExists.cxx.o
/usr/bin/c++    -I/usr/include/qt4   -o CMakeFiles/cmTC_709ea.dir/CheckSymbolExists.cxx.o -c /home/samiran/HFO/build/soccerwindow2-prefix/src/soccerwindow2-build/CMakeFiles/CMakeTmp/CheckSymbolExists.cxx
/home/samiran/HFO/build/soccerwindow2-prefix/src/soccerwindow2-build/CMakeFiles/CMakeTmp/CheckSymbolExists.cxx: In function ‘int main(int, char**)’:
/home/samiran/HFO/build/soccerwindow2-prefix/src/soccerwindow2-build/CMakeFiles/CMakeTmp/CheckSymbolExists.cxx:8:19: error: ‘Q_WS_WIN’ was not declared in this scope
   return ((int*)(&Q_WS_WIN))[argc];
                   ^
CMakeFiles/cmTC_709ea.dir/build.make:65: recipe for target 'CMakeFiles/cmTC_709ea.dir/CheckSymbolExists.cxx.o' failed
make[4]: *** [CMakeFiles/cmTC_709ea.dir/CheckSymbolExists.cxx.o] Error 1
make[4]: Leaving directory '/home/samiran/HFO/build/soccerwindow2-prefix/src/soccerwindow2-build/CMakeFiles/CMakeTmp'
Makefile:126: recipe for target 'cmTC_709ea/fast' failed
make[3]: *** [cmTC_709ea/fast] Error 2
make[3]: Leaving directory '/home/samiran/HFO/build/soccerwindow2-prefix/src/soccerwindow2-build/CMakeFiles/CMakeTmp'

File /home/samiran/HFO/build/soccerwindow2-prefix/src/soccerwindow2-build/CMakeFiles/CMakeTmp/CheckSymbolExists.cxx:
/* */
#include <QtCore/qglobal.h>

int main(int argc, char** argv)
{
  (void)argv;
#ifndef Q_WS_WIN
  return ((int*)(&Q_WS_WIN))[argc];
#else
  (void)argc;
  return 0;
#endif
}

Determining if the Q_WS_QWS exist failed with the following output:
Change Dir: /home/samiran/HFO/build/soccerwindow2-prefix/src/soccerwindow2-build/CMakeFiles/CMakeTmp

Run Build Command:"/usr/bin/make" "cmTC_6c080/fast"
make[3]: Entering directory '/home/samiran/HFO/build/soccerwindow2-prefix/src/soccerwindow2-build/CMakeFiles/CMakeTmp'
/usr/bin/make -f CMakeFiles/cmTC_6c080.dir/build.make CMakeFiles/cmTC_6c080.dir/build
make[4]: Entering directory '/home/samiran/HFO/build/soccerwindow2-prefix/src/soccerwindow2-build/CMakeFiles/CMakeTmp'
Building CXX object CMakeFiles/cmTC_6c080.dir/CheckSymbolExists.cxx.o
/usr/bin/c++    -I/usr/include/qt4   -o CMakeFiles/cmTC_6c080.dir/CheckSymbolExists.cxx.o -c /home/samiran/HFO/build/soccerwindow2-prefix/src/soccerwindow2-build/CMakeFiles/CMakeTmp/CheckSymbolExists.cxx
/home/samiran/HFO/build/soccerwindow2-prefix/src/soccerwindow2-build/CMakeFiles/CMakeTmp/CheckSymbolExists.cxx: In function ‘int main(int, char**)’:
/home/samiran/HFO/build/soccerwindow2-prefix/src/soccerwindow2-build/CMakeFiles/CMakeTmp/CheckSymbolExists.cxx:8:19: error: ‘Q_WS_QWS’ was not declared in this scope
   return ((int*)(&Q_WS_QWS))[argc];
                   ^
CMakeFiles/cmTC_6c080.dir/build.make:65: recipe for target 'CMakeFiles/cmTC_6c080.dir/CheckSymbolExists.cxx.o' failed
make[4]: *** [CMakeFiles/cmTC_6c080.dir/CheckSymbolExists.cxx.o] Error 1
make[4]: Leaving directory '/home/samiran/HFO/build/soccerwindow2-prefix/src/soccerwindow2-build/CMakeFiles/CMakeTmp'
Makefile:126: recipe for target 'cmTC_6c080/fast' failed
make[3]: *** [cmTC_6c080/fast] Error 2
make[3]: Leaving directory '/home/samiran/HFO/build/soccerwindow2-prefix/src/soccerwindow2-build/CMakeFiles/CMakeTmp'

File /home/samiran/HFO/build/soccerwindow2-prefix/src/soccerwindow2-build/CMakeFiles/CMakeTmp/CheckSymbolExists.cxx:
/* */
#include <QtCore/qglobal.h>

int main(int argc, char** argv)
{
  (void)argv;
#ifndef Q_WS_QWS
  return ((int*)(&Q_WS_QWS))[argc];
#else
  (void)argc;
  return 0;
#endif
}

Determining if the Q_WS_MAC exist failed with the following output:
Change Dir: /home/samiran/HFO/build/soccerwindow2-prefix/src/soccerwindow2-build/CMakeFiles/CMakeTmp

Run Build Command:"/usr/bin/make" "cmTC_87d27/fast"
make[3]: Entering directory '/home/samiran/HFO/build/soccerwindow2-prefix/src/soccerwindow2-build/CMakeFiles/CMakeTmp'
/usr/bin/make -f CMakeFiles/cmTC_87d27.dir/build.make CMakeFiles/cmTC_87d27.dir/build
make[4]: Entering directory '/home/samiran/HFO/build/soccerwindow2-prefix/src/soccerwindow2-build/CMakeFiles/CMakeTmp'
Building CXX object CMakeFiles/cmTC_87d27.dir/CheckSymbolExists.cxx.o
/usr/bin/c++    -I/usr/include/qt4   -o CMakeFiles/cmTC_87d27.dir/CheckSymbolExists.cxx.o -c /home/samiran/HFO/build/soccerwindow2-prefix/src/soccerwindow2-build/CMakeFiles/CMakeTmp/CheckSymbolExists.cxx
/home/samiran/HFO/build/soccerwindow2-prefix/src/soccerwindow2-build/CMakeFiles/CMakeTmp/CheckSymbolExists.cxx: In function ‘int main(int, char**)’:
/home/samiran/HFO/build/soccerwindow2-prefix/src/soccerwindow2-build/CMakeFiles/CMakeTmp/CheckSymbolExists.cxx:8:19: error: ‘Q_WS_MAC’ was not declared in this scope
   return ((int*)(&Q_WS_MAC))[argc];
                   ^
CMakeFiles/cmTC_87d27.dir/build.make:65: recipe for target 'CMakeFiles/cmTC_87d27.dir/CheckSymbolExists.cxx.o' failed
make[4]: *** [CMakeFiles/cmTC_87d27.dir/CheckSymbolExists.cxx.o] Error 1
make[4]: Leaving directory '/home/samiran/HFO/build/soccerwindow2-prefix/src/soccerwindow2-build/CMakeFiles/CMakeTmp'
Makefile:126: recipe for target 'cmTC_87d27/fast' failed
make[3]: *** [cmTC_87d27/fast] Error 2
make[3]: Leaving directory '/home/samiran/HFO/build/soccerwindow2-prefix/src/soccerwindow2-build/CMakeFiles/CMakeTmp'

File /home/samiran/HFO/build/soccerwindow2-prefix/src/soccerwindow2-build/CMakeFiles/CMakeTmp/CheckSymbolExists.cxx:
/* */
#include <QtCore/qglobal.h>

int main(int argc, char** argv)
{
  (void)argv;
#ifndef Q_WS_MAC
  return ((int*)(&Q_WS_MAC))[argc];
#else
  (void)argc;
  return 0;
#endif
}

